<?xml version="1.0" encoding="UTF-8"?>
<testng-results ignored="0" total="1" passed="1" failed="0" skipped="0">
  <reporter-output>
    <line>
      <![CDATA[Before suite]]>
    </line>
    <line>
      <![CDATA[configuring reports]]>
    </line>
    <line>
      <![CDATA[Before Test]]>
    </line>
    <line>
      <![CDATA[Before Class]]>
    </line>
    <line>
      <![CDATA[Launch browser, maximize and load Url]]>
    </line>
    <line>
      <![CDATA[Before method]]>
    </line>
    <line>
      <![CDATA[Login]]>
    </line>
    <line>
      <![CDATA[After method]]>
    </line>
    <line>
      <![CDATA[logout]]>
    </line>
    <line>
      <![CDATA[After Class]]>
    </line>
    <line>
      <![CDATA[Close the browser and end the session]]>
    </line>
    <line>
      <![CDATA[After Test]]>
    </line>
    <line>
      <![CDATA[After Suite]]>
    </line>
    <line>
      <![CDATA[flush the report]]>
    </line>
  </reporter-output>
  <suite started-at="2024-05-03T11:56:49 IST" name="Default suite" finished-at="2024-05-03T11:57:08 IST" duration-ms="19763">
    <groups>
    </groups>
    <test started-at="2024-05-03T11:56:49 IST" name="Default test" finished-at="2024-05-03T11:57:08 IST" duration-ms="19763">
      <class name="sampletestcase.addtocart01_Test">
        <test-method is-config="true" signature="beforeSuite()[pri:0, instance:sampletestcase.addtocart01_Test@17497425]" started-at="2024-05-03T11:56:48 IST" name="beforeSuite" finished-at="2024-05-03T11:56:49 IST" duration-ms="439" status="PASS">
          <reporter-output>
            <line>
              <![CDATA[Before suite]]>
            </line>
            <line>
              <![CDATA[configuring reports]]>
            </line>
          </reporter-output>
        </test-method> <!-- beforeSuite -->
        <test-method is-config="true" signature="beforeTest()[pri:0, instance:sampletestcase.addtocart01_Test@17497425]" started-at="2024-05-03T11:56:49 IST" name="beforeTest" finished-at="2024-05-03T11:56:49 IST" duration-ms="1" status="PASS">
          <reporter-output>
            <line>
              <![CDATA[Before Test]]>
            </line>
          </reporter-output>
        </test-method> <!-- beforeTest -->
        <test-method is-config="true" signature="beforeClass(java.lang.String)[pri:0, instance:sampletestcase.addtocart01_Test@17497425]" started-at="2024-05-03T11:56:49 IST" name="beforeClass" finished-at="2024-05-03T11:56:59 IST" duration-ms="10769" status="PASS">
          <params>
            <param index="0">
              <value>
                <![CDATA[chrome]]>
              </value>
            </param>
          </params>
          <reporter-output>
            <line>
              <![CDATA[Before Class]]>
            </line>
            <line>
              <![CDATA[Launch browser, maximize and load Url]]>
            </line>
          </reporter-output>
        </test-method> <!-- beforeClass -->
        <test-method is-config="true" signature="beforemethod()[pri:0, instance:sampletestcase.addtocart01_Test@17497425]" started-at="2024-05-03T11:56:59 IST" name="beforemethod" finished-at="2024-05-03T11:57:03 IST" duration-ms="3119" status="PASS">
          <reporter-output>
            <line>
              <![CDATA[Before method]]>
            </line>
            <line>
              <![CDATA[Login]]>
            </line>
          </reporter-output>
        </test-method> <!-- beforemethod -->
        <test-method signature="addtocart()[pri:0, instance:sampletestcase.addtocart01_Test@17497425]" started-at="2024-05-03T11:57:03 IST" name="addtocart" finished-at="2024-05-03T11:57:07 IST" duration-ms="4214" status="PASS">
          <reporter-output>
          </reporter-output>
        </test-method> <!-- addtocart -->
        <test-method is-config="true" signature="aftermethod()[pri:0, instance:sampletestcase.addtocart01_Test@17497425]" started-at="2024-05-03T11:57:07 IST" name="aftermethod" finished-at="2024-05-03T11:57:08 IST" duration-ms="1107" status="PASS">
          <reporter-output>
            <line>
              <![CDATA[After method]]>
            </line>
            <line>
              <![CDATA[logout]]>
            </line>
          </reporter-output>
        </test-method> <!-- aftermethod -->
        <test-method is-config="true" signature="afterClass()[pri:0, instance:sampletestcase.addtocart01_Test@17497425]" started-at="2024-05-03T11:57:08 IST" name="afterClass" finished-at="2024-05-03T11:57:08 IST" duration-ms="514" status="PASS">
          <reporter-output>
            <line>
              <![CDATA[After Class]]>
            </line>
            <line>
              <![CDATA[Close the browser and end the session]]>
            </line>
          </reporter-output>
        </test-method> <!-- afterClass -->
        <test-method is-config="true" signature="afterTest()[pri:0, instance:sampletestcase.addtocart01_Test@17497425]" started-at="2024-05-03T11:57:08 IST" name="afterTest" finished-at="2024-05-03T11:57:08 IST" duration-ms="0" status="PASS">
          <reporter-output>
            <line>
              <![CDATA[After Test]]>
            </line>
          </reporter-output>
        </test-method> <!-- afterTest -->
        <test-method is-config="true" signature="afterSuite()[pri:0, instance:sampletestcase.addtocart01_Test@17497425]" started-at="2024-05-03T11:57:08 IST" name="afterSuite" finished-at="2024-05-03T11:57:09 IST" duration-ms="436" status="PASS">
          <reporter-output>
            <line>
              <![CDATA[After Suite]]>
            </line>
            <line>
              <![CDATA[flush the report]]>
            </line>
          </reporter-output>
        </test-method> <!-- afterSuite -->
      </class> <!-- sampletestcase.addtocart01_Test -->
    </test> <!-- Default test -->
  </suite> <!-- Default suite -->
</testng-results>
